[2025-05-04 01:40:02] Error: [2] The magic method Database::__wakeup() must have public visibility in C:\xampp\htdocs\Salvio3\core\Database.php on line 190
[2025-05-04 01:40:04] Error: [2] The magic method Database::__wakeup() must have public visibility in C:\xampp\htdocs\Salvio3\core\Database.php on line 190
[2025-05-04 01:40:05] Error: [2] The magic method Database::__wakeup() must have public visibility in C:\xampp\htdocs\Salvio3\core\Database.php on line 190
[2025-05-04 01:41:26] Error: [2] The magic method Database::__wakeup() must have public visibility in C:\xampp\htdocs\Salvio3\core\Database.php on line 190
[2025-05-04 01:42:15] Error: [2] The magic method Database::__wakeup() must have public visibility in C:\xampp\htdocs\Salvio3\core\Database.php on line 190
[2025-05-04 01:42:18] Error: [2] The magic method Database::__wakeup() must have public visibility in C:\xampp\htdocs\Salvio3\core\Database.php on line 190
[04-May-2025 01:55:13 Asia/Jakarta] Login attempt for username: admin
[04-May-2025 01:55:13 Asia/Jakarta] Login failed for username: admin
[04-May-2025 01:56:38 Asia/Jakarta] Login attempt for username: admin
[04-May-2025 01:56:38 Asia/Jakarta] Login failed for username: admin
[04-May-2025 01:57:14 Asia/Jakarta] Login attempt for username: admin
[04-May-2025 01:57:14 Asia/Jakarta] Login successful for username: admin
[04-May-2025 01:57:14 Asia/Jakarta] Query Preparation Error: SQLSTATE[42S22]: Column not found: 1054 Unknown column 'total' in 'field list'
[04-May-2025 01:57:14 Asia/Jakarta] Error getting dashboard stats: Query preparation failed
[04-May-2025 01:57:14 Asia/Jakarta] Query Preparation Error: SQLSTATE[42S22]: Column not found: 1054 Unknown column 'type' in 'where clause'
[04-May-2025 01:57:14 Asia/Jakarta] Error getting low stock products: Query preparation failed
[04-May-2025 01:57:22 Asia/Jakarta] Query Preparation Error: SQLSTATE[42S22]: Column not found: 1054 Unknown column 'total' in 'field list'
[04-May-2025 01:57:22 Asia/Jakarta] Error getting dashboard stats: Query preparation failed
[04-May-2025 01:57:22 Asia/Jakarta] Query Preparation Error: SQLSTATE[42S22]: Column not found: 1054 Unknown column 'type' in 'where clause'
[04-May-2025 01:57:22 Asia/Jakarta] Error getting low stock products: Query preparation failed
[04-May-2025 02:01:32 Asia/Jakarta] Query Preparation Error: SQLSTATE[42S22]: Column not found: 1054 Unknown column 'total' in 'field list'
[04-May-2025 02:01:32 Asia/Jakarta] Error getting dashboard stats: Query preparation failed
[04-May-2025 02:01:32 Asia/Jakarta] Query Preparation Error: SQLSTATE[42S22]: Column not found: 1054 Unknown column 'type' in 'where clause'
[04-May-2025 02:01:32 Asia/Jakarta] Error getting low stock products: Query preparation failed
[2025-05-04 02:01:32] Error: [2] Array to string conversion in C:\xampp\htdocs\Salvio3\views\dashboard\index.php on line 43
[04-May-2025 02:01:36 Asia/Jakarta] Query Preparation Error: SQLSTATE[42S22]: Column not found: 1054 Unknown column 'total' in 'field list'
[04-May-2025 02:01:36 Asia/Jakarta] Error getting dashboard stats: Query preparation failed
[04-May-2025 02:01:36 Asia/Jakarta] Query Preparation Error: SQLSTATE[42S22]: Column not found: 1054 Unknown column 'type' in 'where clause'
[04-May-2025 02:01:36 Asia/Jakarta] Error getting low stock products: Query preparation failed
[2025-05-04 02:01:36] Error: [2] Array to string conversion in C:\xampp\htdocs\Salvio3\views\dashboard\index.php on line 43
[04-May-2025 02:01:52 Asia/Jakarta] Login attempt for username: admin
[04-May-2025 02:01:52 Asia/Jakarta] Login successful for username: admin
[04-May-2025 02:01:52 Asia/Jakarta] Query Preparation Error: SQLSTATE[42S22]: Column not found: 1054 Unknown column 'total' in 'field list'
[04-May-2025 02:01:52 Asia/Jakarta] Error getting dashboard stats: Query preparation failed
[04-May-2025 02:01:52 Asia/Jakarta] Query Preparation Error: SQLSTATE[42S22]: Column not found: 1054 Unknown column 'type' in 'where clause'
[04-May-2025 02:01:52 Asia/Jakarta] Error getting low stock products: Query preparation failed
[2025-05-04 02:01:52] Error: [2] Array to string conversion in C:\xampp\htdocs\Salvio3\views\dashboard\index.php on line 43
[04-May-2025 02:02:00 Asia/Jakarta] Login attempt for username: admin
[04-May-2025 02:02:00 Asia/Jakarta] Login successful for username: admin
[04-May-2025 02:02:01 Asia/Jakarta] Query Preparation Error: SQLSTATE[42S22]: Column not found: 1054 Unknown column 'total' in 'field list'
[04-May-2025 02:02:01 Asia/Jakarta] Error getting dashboard stats: Query preparation failed
[04-May-2025 02:02:01 Asia/Jakarta] Query Preparation Error: SQLSTATE[42S22]: Column not found: 1054 Unknown column 'type' in 'where clause'
[04-May-2025 02:02:01 Asia/Jakarta] Error getting low stock products: Query preparation failed
[2025-05-04 02:02:01] Error: [2] Array to string conversion in C:\xampp\htdocs\Salvio3\views\dashboard\index.php on line 43
[04-May-2025 02:04:57 Asia/Jakarta] Login attempt for username: admin
[04-May-2025 02:04:57 Asia/Jakarta] Login successful for username: admin
[04-May-2025 02:04:57 Asia/Jakarta] Query Preparation Error: SQLSTATE[42S22]: Column not found: 1054 Unknown column 'total' in 'field list'
[04-May-2025 02:04:57 Asia/Jakarta] Error getting dashboard stats: Query preparation failed
[04-May-2025 02:04:57 Asia/Jakarta] Query Preparation Error: SQLSTATE[42S22]: Column not found: 1054 Unknown column 'type' in 'where clause'
[04-May-2025 02:04:57 Asia/Jakarta] Error getting low stock products: Query preparation failed
[2025-05-04 02:04:57] Error: [2] Array to string conversion in C:\xampp\htdocs\Salvio3\views\dashboard\index.php on line 43
[04-May-2025 02:05:50 Asia/Jakarta] Login attempt for username: admin
[04-May-2025 02:05:50 Asia/Jakarta] Login successful for username: admin
[04-May-2025 02:05:50 Asia/Jakarta] PHP Fatal error:  Uncaught Error: Call to undefined method Sale::getTodaySales() in C:\xampp\htdocs\Salvio3\controllers\DashboardController.php:26
Stack trace:
#0 C:\xampp\htdocs\Salvio3\index.php(50): DashboardController->index()
#1 {main}
  thrown in C:\xampp\htdocs\Salvio3\controllers\DashboardController.php on line 26
[04-May-2025 02:08:54 Asia/Jakarta] PHP Fatal error:  Declaration of Product::search($keyword, $limit = 10, $offset = 0) must be compatible with Model::search($fields, $keyword, $orderBy = null, $order = 'ASC') in C:\xampp\htdocs\Salvio3\models\Product.php on line 101
[04-May-2025 02:08:55 Asia/Jakarta] PHP Fatal error:  Declaration of Product::search($keyword, $limit = 10, $offset = 0) must be compatible with Model::search($fields, $keyword, $orderBy = null, $order = 'ASC') in C:\xampp\htdocs\Salvio3\models\Product.php on line 101
[04-May-2025 02:23:36 Asia/Jakarta] Login attempt for username: admin
[04-May-2025 02:23:36 Asia/Jakarta] Login successful for username: admin
[04-May-2025 02:29:52 Asia/Jakarta] Login attempt for username: admin
[04-May-2025 02:29:52 Asia/Jakarta] Login successful for username: admin
[04-May-2025 02:30:49 Asia/Jakarta] Login attempt for username: admin
[04-May-2025 02:30:49 Asia/Jakarta] Login successful for username: admin
[04-May-2025 02:31:42 Asia/Jakarta] Login attempt for username: admin
[04-May-2025 02:31:42 Asia/Jakarta] Login successful for username: admin
[04-May-2025 02:32:08 Asia/Jakarta] Login attempt for username: admin
[04-May-2025 02:32:08 Asia/Jakarta] Login successful for username: admin
